<?xml version="1.0" encoding="UTF-8" ?>
<testsuite tests="8" failures="1" name="TestSuite" time="1.465" errors="0" skipped="7">
  <properties>
    <property name="java.runtime.name" value="Java(TM) SE Runtime Environment"/>
    <property name="sun.boot.library.path" value="C:\Program Files\Java\jdk1.8.0_181\jre\bin"/>
    <property name="java.vm.version" value="25.181-b13"/>
    <property name="java.vm.vendor" value="Oracle Corporation"/>
    <property name="java.vendor.url" value="http://java.oracle.com/"/>
    <property name="path.separator" value=";"/>
    <property name="java.vm.name" value="Java HotSpot(TM) 64-Bit Server VM"/>
    <property name="file.encoding.pkg" value="sun.io"/>
    <property name="user.script" value=""/>
    <property name="user.country" value="CN"/>
    <property name="sun.java.launcher" value="SUN_STANDARD"/>
    <property name="sun.os.patch.level" value=""/>
    <property name="java.vm.specification.name" value="Java Virtual Machine Specification"/>
    <property name="user.dir" value="C:\Users\91690\workspace\muke\AutoTest\Chapter12"/>
    <property name="java.runtime.version" value="1.8.0_181-b13"/>
    <property name="java.awt.graphicsenv" value="sun.awt.Win32GraphicsEnvironment"/>
    <property name="basedir" value="C:\Users\91690\workspace\muke\AutoTest\Chapter12"/>
    <property name="java.endorsed.dirs" value="C:\Program Files\Java\jdk1.8.0_181\jre\lib\endorsed"/>
    <property name="os.arch" value="amd64"/>
    <property name="surefire.real.class.path" value="C:\Users\91690\workspace\muke\AutoTest\Chapter12\target\surefire\surefirebooter262988840331592589.jar"/>
    <property name="java.io.tmpdir" value="C:\Users\91690\AppData\Local\Temp\"/>
    <property name="line.separator" value="
"/>
    <property name="java.vm.specification.vendor" value="Oracle Corporation"/>
    <property name="user.variant" value=""/>
    <property name="os.name" value="Windows 10"/>
    <property name="sun.jnu.encoding" value="GBK"/>
    <property name="java.library.path" value="C:\Program Files\Java\jdk1.8.0_181\jre\bin;C:\WINDOWS\Sun\Java\bin;C:\WINDOWS\system32;C:\WINDOWS;C:\Program Files (x86)\NetSarang\Xftp 6\;C:\Program Files (x86)\Common Files\Oracle\Java\javapath;C:\WINDOWS\system32;C:\WINDOWS;C:\WINDOWS\System32\Wbem;C:\WINDOWS\System32\WindowsPowerShell\v1.0\;C:\WINDOWS\System32\OpenSSH\;D:\apache-ant-1.9.14-bin\apache-ant-1.9.14\bin;C:\Program Files\Java\jdk1.8.0_181\bin;D:\ideaMaven\apache-maven-3.6.3\bin;C:\Program Files\nodejs\;C:\Program Files\PuTTY\;C:\Program Files\Java\jre1.8.0_181\lib\tools.jar;D:\apache-tomcat-9.0.39-windows-x64\apache-tomcat-9.0.39\bin;D:\apache-ant-1.9.14-bin\apache-ant-1.9.14\bin;D:\apache-ant-1.9.14-bin\apache-ant-1.9.14\lib;D:\tools\platform-tools;D:\apache-maven-3.8.1\bin;C:\Program Files\Git\cmd;C:\Users\91690\AppData\Local\Microsoft\WindowsApps;C:\Program Files\Bandizip\;C:\Users\91690\AppData\Roaming\npm;C:\Users\91690\AppData\Local\Microsoft\WindowsApps;;D:\tools\Microsoft VS Code\bin;."/>
    <property name="surefire.test.class.path" value="C:\Users\91690\workspace\muke\AutoTest\Chapter12\target\test-classes;C:\Users\91690\workspace\muke\AutoTest\Chapter12\target\classes;C:\Users\91690\.m2\repository\org\apache\httpcomponents\httpclient\4.1.2\httpclient-4.1.2.jar;C:\Users\91690\.m2\repository\org\apache\httpcomponents\httpcore\4.4.10\httpcore-4.4.10.jar;C:\Users\91690\.m2\repository\commons-codec\commons-codec\1.11\commons-codec-1.11.jar;C:\Users\91690\.m2\repository\org\json\json\20211205\json-20211205.jar;C:\Users\91690\.m2\repository\org\mybatis\mybatis\3.4.4\mybatis-3.4.4.jar;C:\Users\91690\.m2\repository\mysql\mysql-connector-java\8.0.23\mysql-connector-java-8.0.23.jar;C:\Users\91690\.m2\repository\com\google\protobuf\protobuf-java\3.11.4\protobuf-java-3.11.4.jar;C:\Users\91690\.m2\repository\org\projectlombok\lombok\1.16.14\lombok-1.16.14.jar;C:\Users\91690\.m2\repository\com\relevantcodes\extentreports\2.41.2\extentreports-2.41.2.jar;C:\Users\91690\.m2\repository\org\jsoup\jsoup\1.8.3\jsoup-1.8.3.jar;C:\Users\91690\.m2\repository\org\xerial\sqlite-jdbc\3.21.0.1\sqlite-jdbc-3.21.0.1.jar;C:\Users\91690\.m2\repository\org\freemarker\freemarker\2.3.28\freemarker-2.3.28.jar;C:\Users\91690\.m2\repository\org\mongodb\mongodb-driver\3.6.4\mongodb-driver-3.6.4.jar;C:\Users\91690\.m2\repository\org\mongodb\bson\3.6.4\bson-3.6.4.jar;C:\Users\91690\.m2\repository\org\mongodb\mongodb-driver-core\3.6.4\mongodb-driver-core-3.6.4.jar;C:\Users\91690\.m2\repository\com\vimalselvam\testng-extentsreport\1.3.1\testng-extentsreport-1.3.1.jar;C:\Users\91690\.m2\repository\com\google\guava\guava\20.0\guava-20.0.jar;C:\Users\91690\.m2\repository\org\testng\testng\7.4.0\testng-7.4.0.jar;C:\Users\91690\.m2\repository\com\beust\jcommander\1.78\jcommander-1.78.jar;C:\Users\91690\.m2\repository\org\webjars\jquery\3.5.1\jquery-3.5.1.jar;C:\Users\91690\.m2\repository\com\aventstack\extentreports\3.1.5\extentreports-3.1.5.jar;C:\Users\91690\.m2\repository\org\apache\httpcomponents\httpmime\4.5.6\httpmime-4.5.6.jar;C:\Users\91690\.m2\repository\com\google\code\gson\gson\2.8.5\gson-2.8.5.jar;"/>
    <property name="java.specification.name" value="Java Platform API Specification"/>
    <property name="java.class.version" value="52.0"/>
    <property name="sun.management.compiler" value="HotSpot 64-Bit Tiered Compilers"/>
    <property name="os.version" value="10.0"/>
    <property name="user.home" value="C:\Users\91690"/>
    <property name="user.timezone" value="Asia/Shanghai"/>
    <property name="java.awt.printerjob" value="sun.awt.windows.WPrinterJob"/>
    <property name="java.specification.version" value="1.8"/>
    <property name="file.encoding" value="GBK"/>
    <property name="user.name" value="zhaojian"/>
    <property name="java.class.path" value="C:\Users\91690\workspace\muke\AutoTest\Chapter12\target\test-classes;C:\Users\91690\workspace\muke\AutoTest\Chapter12\target\classes;C:\Users\91690\.m2\repository\org\apache\httpcomponents\httpclient\4.1.2\httpclient-4.1.2.jar;C:\Users\91690\.m2\repository\org\apache\httpcomponents\httpcore\4.4.10\httpcore-4.4.10.jar;C:\Users\91690\.m2\repository\commons-codec\commons-codec\1.11\commons-codec-1.11.jar;C:\Users\91690\.m2\repository\org\json\json\20211205\json-20211205.jar;C:\Users\91690\.m2\repository\org\mybatis\mybatis\3.4.4\mybatis-3.4.4.jar;C:\Users\91690\.m2\repository\mysql\mysql-connector-java\8.0.23\mysql-connector-java-8.0.23.jar;C:\Users\91690\.m2\repository\com\google\protobuf\protobuf-java\3.11.4\protobuf-java-3.11.4.jar;C:\Users\91690\.m2\repository\org\projectlombok\lombok\1.16.14\lombok-1.16.14.jar;C:\Users\91690\.m2\repository\com\relevantcodes\extentreports\2.41.2\extentreports-2.41.2.jar;C:\Users\91690\.m2\repository\org\jsoup\jsoup\1.8.3\jsoup-1.8.3.jar;C:\Users\91690\.m2\repository\org\xerial\sqlite-jdbc\3.21.0.1\sqlite-jdbc-3.21.0.1.jar;C:\Users\91690\.m2\repository\org\freemarker\freemarker\2.3.28\freemarker-2.3.28.jar;C:\Users\91690\.m2\repository\org\mongodb\mongodb-driver\3.6.4\mongodb-driver-3.6.4.jar;C:\Users\91690\.m2\repository\org\mongodb\bson\3.6.4\bson-3.6.4.jar;C:\Users\91690\.m2\repository\org\mongodb\mongodb-driver-core\3.6.4\mongodb-driver-core-3.6.4.jar;C:\Users\91690\.m2\repository\com\vimalselvam\testng-extentsreport\1.3.1\testng-extentsreport-1.3.1.jar;C:\Users\91690\.m2\repository\com\google\guava\guava\20.0\guava-20.0.jar;C:\Users\91690\.m2\repository\org\testng\testng\7.4.0\testng-7.4.0.jar;C:\Users\91690\.m2\repository\com\beust\jcommander\1.78\jcommander-1.78.jar;C:\Users\91690\.m2\repository\org\webjars\jquery\3.5.1\jquery-3.5.1.jar;C:\Users\91690\.m2\repository\com\aventstack\extentreports\3.1.5\extentreports-3.1.5.jar;C:\Users\91690\.m2\repository\org\apache\httpcomponents\httpmime\4.5.6\httpmime-4.5.6.jar;C:\Users\91690\.m2\repository\com\google\code\gson\gson\2.8.5\gson-2.8.5.jar;"/>
    <property name="java.vm.specification.version" value="1.8"/>
    <property name="sun.arch.data.model" value="64"/>
    <property name="java.home" value="C:\Program Files\Java\jdk1.8.0_181\jre"/>
    <property name="sun.java.command" value="C:\Users\91690\workspace\muke\AutoTest\Chapter12\target\surefire\surefirebooter262988840331592589.jar C:\Users\91690\workspace\muke\AutoTest\Chapter12\target\surefire\surefire4088859083846829708tmp C:\Users\91690\workspace\muke\AutoTest\Chapter12\target\surefire\surefire1238563602749576978tmp"/>
    <property name="java.specification.vendor" value="Oracle Corporation"/>
    <property name="user.language" value="zh"/>
    <property name="awt.toolkit" value="sun.awt.windows.WToolkit"/>
    <property name="java.vm.info" value="mixed mode"/>
    <property name="java.version" value="1.8.0_181"/>
    <property name="java.ext.dirs" value="C:\Program Files\Java\jdk1.8.0_181\jre\lib\ext;C:\WINDOWS\Sun\Java\lib\ext"/>
    <property name="sun.boot.class.path" value="C:\Program Files\Java\jdk1.8.0_181\jre\lib\resources.jar;C:\Program Files\Java\jdk1.8.0_181\jre\lib\rt.jar;C:\Program Files\Java\jdk1.8.0_181\jre\lib\sunrsasign.jar;C:\Program Files\Java\jdk1.8.0_181\jre\lib\jsse.jar;C:\Program Files\Java\jdk1.8.0_181\jre\lib\jce.jar;C:\Program Files\Java\jdk1.8.0_181\jre\lib\charsets.jar;C:\Program Files\Java\jdk1.8.0_181\jre\lib\jfr.jar;C:\Program Files\Java\jdk1.8.0_181\jre\classes"/>
    <property name="java.vendor" value="Oracle Corporation"/>
    <property name="localRepository" value="C:\Users\91690\.m2\repository"/>
    <property name="file.separator" value="\"/>
    <property name="java.vendor.url.bug" value="http://bugreport.sun.com/bugreport/"/>
    <property name="sun.cpu.endian" value="little"/>
    <property name="sun.io.unicode.encoding" value="UnicodeLittle"/>
    <property name="sun.desktop" value="windows"/>
    <property name="sun.cpu.isalist" value="amd64"/>
  </properties>
  <testcase classname="com.course.cases.LoginTest" name="beforeTest" time="0">
    <failure message="org/apache/commons/logging/LogFactory" type="java.lang.NoClassDefFoundError">java.lang.NoClassDefFoundError: org/apache/commons/logging/LogFactory
	at org.apache.http.impl.client.AbstractHttpClient.&lt;init&gt;(AbstractHttpClient.java:182)
	at org.apache.http.impl.client.DefaultHttpClient.&lt;init&gt;(DefaultHttpClient.java:150)
	at com.course.cases.LoginTest.beforeTest(LoginTest.java:31)
Caused by: java.lang.ClassNotFoundException: org.apache.commons.logging.LogFactory
	at java.net.URLClassLoader.findClass(URLClassLoader.java:381)
	at java.lang.ClassLoader.loadClass(ClassLoader.java:424)
	at sun.misc.Launcher$AppClassLoader.loadClass(Launcher.java:349)
	at java.lang.ClassLoader.loadClass(ClassLoader.java:357)
	... 36 more
</failure>
    <system-out>@HL
@HL-------------------------------------------------------
@HL T E S T S
@HL-------------------------------------------------------
@SLRunning TestSuite
[TestNGContentHandler] [WARN] It is strongly recommended to add &quot;&lt;!DOCTYPE suite SYSTEM &quot;https://testng.org/testng-1.0.dtd&quot; &gt;&quot; at the top of the suite file [C:\Users\91690\workspace\muke\AutoTest\Chapter12\src\main\resources\testng.xml] otherwise TestNG may fail or not work as expected.
</system-out>
  </testcase>
  <testcase classname="com.course.cases.LoginTest" name="loginTrue" time="0">
    <skipped/>
  </testcase>
  <testcase classname="com.course.cases.LoginTest" name="loginFalse" time="0">
    <skipped/>
  </testcase>
  <testcase classname="com.course.cases.AddUserTest" name="addUser" time="0">
    <skipped/>
  </testcase>
  <testcase classname="com.course.cases.GetUserInfoTest" name="getUserInfo" time="0">
    <skipped/>
  </testcase>
  <testcase classname="com.course.cases.GetUserListTest" name="getUserList" time="0">
    <skipped/>
  </testcase>
  <testcase classname="com.course.cases.UpdateUserInfoTest" name="updateUserInfo" time="0">
    <skipped/>
  </testcase>
  <testcase classname="com.course.cases.UpdateUserInfoTest" name="deleteUser" time="0">
    <skipped/>
  </testcase>
</testsuite>